e:\git\github\mqlmysql-project\mqlmysql\x64\debug\vc143.pdb
e:\git\github\mqlmysql-project\mqlmysql\x64\debug\mqlmysql.obj
e:\git\github\mqlmysql-project\mqlmysql\x64\debug\mqlmysql.dll
e:\git\github\mqlmysql-project\mqlmysql\x64\debug\mqlmysql.pdb
e:\git\github\mqlmysql-project\mqlmysql\x64\debug\mqlmysql.lib
e:\git\github\mqlmysql-project\mqlmysql\x64\debug\mqlmysql.exp
e:\git\github\mqlmysql-project\mqlmysql\x64\debug\libmysql.dll
e:\git\github\mqlmysql-project\mqlmysql\x64\debug\zlibd1.dll
e:\git\github\mqlmysql-project\mqlmysql\x64\debug\libssl-1_1-x64.dll
e:\git\github\mqlmysql-project\mqlmysql\x64\debug\libcrypto-1_1-x64.dll
e:\git\github\mqlmysql-project\mqlmysql\x64\debug\mqlmysql.res
e:\git\github\mqlmysql-project\mqlmysql\x64\debug\mqlmysql.obj
e:\git\github\mqlmysql-project\mqlmysql\x64\debug\mqlmysql.res
e:\git\github\mqlmysql-project\mqlmysql\x64\debug\mqlmysql.exp
e:\git\github\mqlmysql-project\mqlmysql\x64\debug\mqlmysql.pdb
e:\git\github\mqlmysql-project\mqlmysql\x64\debug\vc141.pdb
e:\git\github\mqlmysql-project\mqlmysql\x64\debug\vc143.pdb
e:\git\github\mqlmysql-project\mqlmysql\x64\debug\mqlmysql.dll
e:\git\github\mqlmysql-project\mqlmysql\x64\debug\mqlmysql.tlog\cl.command.1.tlog
e:\git\github\mqlmysql-project\mqlmysql\x64\debug\mqlmysql.tlog\cl.read.1.tlog
e:\git\github\mqlmysql-project\mqlmysql\x64\debug\mqlmysql.tlog\cl.write.1.tlog
e:\git\github\mqlmysql-project\mqlmysql\x64\debug\mqlmysql.tlog\link.command.1.tlog
e:\git\github\mqlmysql-project\mqlmysql\x64\debug\mqlmysql.tlog\link.read.1.tlog
e:\git\github\mqlmysql-project\mqlmysql\x64\debug\mqlmysql.tlog\link.write.1.tlog
e:\git\github\mqlmysql-project\mqlmysql\x64\debug\mqlmysql.tlog\mqlmysql.write.1u.tlog
e:\git\github\mqlmysql-project\mqlmysql\x64\debug\mqlmysql.tlog\rc.command.1.tlog
e:\git\github\mqlmysql-project\mqlmysql\x64\debug\mqlmysql.tlog\rc.read.1.tlog
e:\git\github\mqlmysql-project\mqlmysql\x64\debug\mqlmysql.tlog\rc.write.1.tlog
