e:\git\github\mqlmysql-project\mqlmysql\x64\release\vc143.pdb
e:\git\github\mqlmysql-project\mqlmysql\x64\release\mqlmysql.obj
e:\git\github\mqlmysql-project\mqlmysql\x64\release\mqlmysql.dll
e:\git\github\mqlmysql-project\mqlmysql\x64\release\mqlmysql.pdb
e:\git\github\mqlmysql-project\mqlmysql\x64\release\mqlmysql.lib
e:\git\github\mqlmysql-project\mqlmysql\x64\release\mqlmysql.exp
e:\git\github\mqlmysql-project\mqlmysql\x64\release\libmysql.dll
e:\git\github\mqlmysql-project\mqlmysql\x64\release\zlib1.dll
e:\git\github\mqlmysql-project\mqlmysql\x64\release\libssl-1_1-x64.dll
e:\git\github\mqlmysql-project\mqlmysql\x64\release\libcrypto-1_1-x64.dll
e:\git\github\mqlmysql-project\mqlmysql\x64\release\mqlmysql.res
e:\git\github\mqlmysql-project\mqlmysql\x64\release\mqlmysql.tlog\cl.command.1.tlog
e:\git\github\mqlmysql-project\mqlmysql\x64\release\mqlmysql.tlog\cl.read.1.tlog
e:\git\github\mqlmysql-project\mqlmysql\x64\release\mqlmysql.tlog\cl.write.1.tlog
e:\git\github\mqlmysql-project\mqlmysql\x64\release\mqlmysql.tlog\link.command.1.tlog
e:\git\github\mqlmysql-project\mqlmysql\x64\release\mqlmysql.tlog\link.read.1.tlog
e:\git\github\mqlmysql-project\mqlmysql\x64\release\mqlmysql.tlog\link.write.1.tlog
e:\git\github\mqlmysql-project\mqlmysql\x64\release\mqlmysql.tlog\mqlmysql.write.1u.tlog
e:\git\github\mqlmysql-project\mqlmysql\x64\release\mqlmysql.tlog\rc.command.1.tlog
e:\git\github\mqlmysql-project\mqlmysql\x64\release\mqlmysql.tlog\rc.read.1.tlog
e:\git\github\mqlmysql-project\mqlmysql\x64\release\mqlmysql.tlog\rc.write.1.tlog
